15:39:57  CRITICAL  ❌ Chrome 연결 실패 (포트 9222)
   Chrome을 --remote-debugging-port=9222로 실행했는지 확인하세요.
   오류: 'Version' object has no attribute 'version'
15:40:37  CRITICAL  ❌ Chrome 연결 실패 (포트 9222)
   Chrome을 --remote-debugging-port=9222로 실행했는지 확인하세요.
   오류: 'Version' object has no attribute 'version'
15:42:54  CRITICAL  ❌ Chrome 연결 실패 (포트 9222)
   Chrome을 --remote-debugging-port=9222로 실행했는지 확인하세요.
   오류: 'Version' object has no attribute 'version'
15:43:47  CRITICAL  ❌ Chrome 연결 실패 (포트 9222)
   Chrome을 --remote-debugging-port=9222로 실행했는지 확인하세요.
   오류: 'Version' object has no attribute 'version'
15:44:33  CRITICAL  ❌ Chrome 연결 실패 (포트 9222)
   Chrome을 --remote-debugging-port=9222로 실행했는지 확인하세요.
   오류: 'Version' object has no attribute 'version'
15:45:47  INFO      patching driver executable /Users/ohgyuwon/Library/Application Support/undetected_chromedriver/undetected_chromedriver
15:45:50  CRITICAL  ❌ Chrome 연결 실패 (포트 9222)
   Chrome을 --remote-debugging-port=9222로 실행했는지 확인하세요.
   오류: Message: no such window: target window already closed
from unknown error: web view not found
  (Session info: chrome=148.0.7778.97)
Stacktrace:
0   undetected_chromedriver             0x0000000100e74658 undetected_chromedriver + 6854232
1   undetected_chromedriver             0x0000000100e6bcca undetected_chromedriver + 6819018
2   undetected_chromedriver             0x0000000100859a75 undetected_chromedriver + 453237
3   undetected_chromedriver             0x000000010082cd18 undetected_chromedriver + 269592
4   undetected_chromedriver             0x00000001008dbd88 undetected_chromedriver + 986504
5   undetected_chromedriver             0x00000001008f6185 undetected_chromedriver + 1094021
6   undetected_chromedriver             0x00000001008a0ed4 undetected_chromedriver + 745172
7   undetected_chromedriver             0x00000001008a1c81 undetected_chromedriver + 748673
8   undetected_chromedriver             0x0000000100e2b357 undetected_chromedriver + 6554455
9   undetected_chromedriver             0x0000000100e2f70f undetected_chromedriver + 6571791
10  undetected_chromedriver             0x0000000100e0afaa undetected_chromedriver + 6422442
11  undetected_chromedriver             0x0000000100e30188 undetected_chromedriver + 6574472
12  undetected_chromedriver             0x0000000100dfa3c0 undetected_chromedriver + 6353856
13  undetected_chromedriver             0x0000000100e58918 undetected_chromedriver + 6740248
14  undetected_chromedriver             0x0000000100e58aac undetected_chromedriver + 6740652
15  undetected_chromedriver             0x0000000100e6b8e1 undetected_chromedriver + 6818017
16  libsystem_pthread.dylib             0x00007ff80fa1de4d _pthread_start + 115
17  libsystem_pthread.dylib             0x00007ff80fa19857 thread_start + 15

15:46:13  INFO      patching driver executable /Users/ohgyuwon/Library/Application Support/undetected_chromedriver/undetected_chromedriver
15:46:15  INFO      ✅ UC Chrome 연결 성공 | 탭: 새 탭
15:46:15  INFO         navigator.webdriver = 🟢 undefined (Stealth OK)
15:46:15  INFO      🚀 Stealth Crawl 시작 | 목표: 4,000건
15:46:15  INFO      =================================================================
15:46:15  INFO      🔍 스크롤 박스 탐색 중...
15:46:15  WARNING   ⚠️  셀렉터 탐색 실패 — JS DOM 순회 시도...
15:46:15  ERROR     ❌ 스크롤 박스를 찾지 못했습니다.
   → 현재 열린 탭이 구글 맵 [리뷰] 탭인지 확인하세요.
   → 리뷰 패널(리뷰 목록이 보이는 상태)이 활성화되어 있어야 합니다.
15:46:15  INFO      세션 종료 (Chrome은 닫히지 않습니다)
15:47:14  INFO      patching driver executable /Users/ohgyuwon/Library/Application Support/undetected_chromedriver/undetected_chromedriver
15:47:16  INFO      ✅ UC Chrome 연결 성공 | 탭: 새 탭
15:47:16  INFO         navigator.webdriver = 🟢 undefined (Stealth OK)
15:47:16  INFO      🚀 Stealth Crawl 시작 | 목표: 4,000건
15:47:16  INFO      =================================================================
15:47:16  INFO      🔍 스크롤 박스 탐색 중...
15:47:16  WARNING   ⚠️  셀렉터 탐색 실패 — JS DOM 순회 시도...
15:47:16  ERROR     ❌ 스크롤 박스를 찾지 못했습니다.
   → 현재 열린 탭이 구글 맵 [리뷰] 탭인지 확인하세요.
   → 리뷰 패널(리뷰 목록이 보이는 상태)이 활성화되어 있어야 합니다.
15:47:16  INFO      세션 종료 (Chrome은 닫히지 않습니다)
15:47:42  INFO      patching driver executable /Users/ohgyuwon/Library/Application Support/undetected_chromedriver/undetected_chromedriver
15:47:44  INFO      ✅ UC Chrome 연결 성공 | 탭: 새 탭
15:47:44  INFO         navigator.webdriver = 🟢 undefined (Stealth OK)
15:47:44  INFO      🚀 Stealth Crawl 시작 | 목표: 4,000건
15:47:44  INFO      =================================================================
15:47:44  INFO      🔍 스크롤 박스 탐색 중...
15:47:44  WARNING   ⚠️  셀렉터 탐색 실패 — JS DOM 순회 시도...
15:47:44  ERROR     ❌ 스크롤 박스를 찾지 못했습니다.
   → 현재 열린 탭이 구글 맵 [리뷰] 탭인지 확인하세요.
   → 리뷰 패널(리뷰 목록이 보이는 상태)이 활성화되어 있어야 합니다.
15:47:44  INFO      세션 종료 (Chrome은 닫히지 않습니다)
15:48:10  INFO      patching driver executable /Users/ohgyuwon/Library/Application Support/undetected_chromedriver/undetected_chromedriver
15:48:12  INFO      ✅ UC Chrome 연결 성공 | 탭: 새 탭
15:48:12  INFO         navigator.webdriver = 🟢 undefined (Stealth OK)
15:48:12  INFO      🚀 Stealth Crawl 시작 | 목표: 4,000건
15:48:12  INFO      =================================================================
15:48:12  INFO      🔍 스크롤 박스 탐색 중...
15:48:12  WARNING   ⚠️  셀렉터 탐색 실패 — JS DOM 순회 시도...
15:48:12  ERROR     ❌ 스크롤 박스를 찾지 못했습니다.
   → 현재 열린 탭이 구글 맵 [리뷰] 탭인지 확인하세요.
   → 리뷰 패널(리뷰 목록이 보이는 상태)이 활성화되어 있어야 합니다.
15:48:12  INFO      세션 종료 (Chrome은 닫히지 않습니다)
15:52:48  INFO      patching driver executable /Users/ohgyuwon/Library/Application Support/undetected_chromedriver/undetected_chromedriver
15:52:51  INFO      ✅ UC Chrome 연결 성공 | 탭: 새 탭
15:52:51  INFO         navigator.webdriver = 🟢 undefined (Stealth OK)
15:52:51  INFO      🚀 Stealth Crawl 시작 | 목표: 4,000건
15:52:51  INFO      =================================================================
15:52:51  INFO      🔍 스크롤 박스 탐색 중...
15:52:51  WARNING   ⚠️  셀렉터 탐색 실패 — JS DOM 순회 시도...
15:52:51  ERROR     ❌ 스크롤 박스를 찾지 못했습니다.
   → 현재 열린 탭이 구글 맵 [리뷰] 탭인지 확인하세요.
   → 리뷰 패널(리뷰 목록이 보이는 상태)이 활성화되어 있어야 합니다.
15:52:51  INFO      세션 종료 (Chrome은 닫히지 않습니다)
